Build started 26.10.2015 23:41:18.
     1>Project "C:\Users\Ростислав\Documents\GitHub\mp2-lab2-matrix\sln\vc10\test_utmatrix.vcxproj" on node 2 (Build target(s)).
     1>C:\Program Files (x86)\MSBuild\Microsoft.Cpp\v4.0\V120\Microsoft.CppBuild.targets(381,5): warning MSB8028: The intermediate directory (Debug\) contains files shared from another project (gtest.vcxproj).  This can lead to incorrect clean and rebuild behavior.
     1>ClCompile:
         C:\Program Files (x86)\Microsoft Visual Studio 12.0\VC\bin\CL.exe /c /I../../gtest /I../../include /ZI /nologo /W3 /WX- /Od /Oy- /D WIN32 /D _DEBUG /D _CONSOLE /D _UNICODE /D UNICODE /Gm /EHsc /RTC1 /MDd /GS /fp:precise /Zc:wchar_t /Zc:forScope /Fo"Debug\\" /Fd"Debug\vc120.pdb" /Gd /TP /analyze- /errorReport:prompt ..\..\test\test_main.cpp ..\..\test\test_tmatrix.cpp ..\..\test\test_tvector.cpp
         test_tvector.cpp
         test_tmatrix.cpp
         test_main.cpp
         Generating Code...
     1>c:\users\ростислав\documents\github\mp2-lab2-matrix\include\utmatrix.h(81): error C4716: 'TVector<int>::operator[]' : must return a value
     1>Done Building Project "C:\Users\Ростислав\Documents\GitHub\mp2-lab2-matrix\sln\vc10\test_utmatrix.vcxproj" (Build target(s)) -- FAILED.

Build FAILED.

Time Elapsed 00:00:02.86
